<?xml version="1.0" encoding="UTF-8"?>
<coverage generated="1781638948">
  <project timestamp="1781638948" name="Clover Coverage">
    <package name="Paith\Notes\Api\Http">
      <file name="/workspace/app/api/src/Http/App.php">
        <class name="Paith\Notes\Api\Http\App" namespace="Paith\Notes\Api\Http">
          <metrics complexity="16" methods="5" coveredmethods="3" conditionals="0" coveredconditionals="0" statements="42" coveredstatements="23" elements="47" coveredelements="26"/>
        </class>
        <line num="12" type="method" name="run" visibility="public" complexity="2" crap="6" count="0"/>
        <line num="14" type="stmt" count="0"/>
        <line num="15" type="stmt" count="0"/>
        <line num="16" type="stmt" count="0"/>
        <line num="17" type="stmt" count="0"/>
        <line num="18" type="stmt" count="0"/>
        <line num="20" type="stmt" count="0"/>
        <line num="31" type="method" name="handle" visibility="public" complexity="5" crap="5" count="126"/>
        <line num="33" type="stmt" count="126"/>
        <line num="34" type="stmt" count="126"/>
        <line num="36" type="stmt" count="126"/>
        <line num="37" type="stmt" count="126"/>
        <line num="38" type="stmt" count="126"/>
        <line num="39" type="stmt" count="17"/>
        <line num="42" type="stmt" count="126"/>
        <line num="43" type="stmt" count="126"/>
        <line num="45" type="stmt" count="126"/>
        <line num="46" type="stmt" count="126"/>
        <line num="47" type="stmt" count="126"/>
        <line num="48" type="stmt" count="126"/>
        <line num="49" type="stmt" count="126"/>
        <line num="52" type="method" name="kernel" visibility="private" complexity="2" crap="2" count="126"/>
        <line num="54" type="stmt" count="126"/>
        <line num="55" type="stmt" count="126"/>
        <line num="56" type="stmt" count="126"/>
        <line num="60" type="stmt" count="1"/>
        <line num="61" type="stmt" count="1"/>
        <line num="62" type="stmt" count="1"/>
        <line num="63" type="stmt" count="1"/>
        <line num="66" type="method" name="context" visibility="private" complexity="1" crap="1" count="126"/>
        <line num="68" type="stmt" count="126"/>
        <line num="69" type="stmt" count="124"/>
        <line num="70" type="stmt" count="126"/>
        <line num="73" type="method" name="emit" visibility="private" complexity="6" crap="42" count="0"/>
        <line num="75" type="stmt" count="0"/>
        <line num="77" type="stmt" count="0"/>
        <line num="78" type="stmt" count="0"/>
        <line num="81" type="stmt" count="0"/>
        <line num="82" type="stmt" count="0"/>
        <line num="83" type="stmt" count="0"/>
        <line num="84" type="stmt" count="0"/>
        <line num="85" type="stmt" count="0"/>
        <line num="86" type="stmt" count="0"/>
        <line num="88" type="stmt" count="0"/>
        <line num="90" type="stmt" count="0"/>
        <line num="91" type="stmt" count="0"/>
        <line num="94" type="stmt" count="0"/>
        <metrics loc="98" ncloc="90" classes="1" methods="5" coveredmethods="3" conditionals="0" coveredconditionals="0" statements="42" coveredstatements="23" elements="47" coveredelements="26"/>
      </file>
      <file name="/workspace/app/api/src/Http/AuthError.php">
        <class name="Paith\Notes\Api\Http\AuthError" namespace="Paith\Notes\Api\Http">
          <metrics complexity="1" methods="1" coveredmethods="0" conditionals="0" coveredconditionals="0" statements="2" coveredstatements="0" elements="3" coveredelements="0"/>
        </class>
        <line num="13" type="method" name="__construct" visibility="public" complexity="1" crap="2" count="0"/>
        <line num="15" type="stmt" count="0"/>
        <line num="16" type="stmt" count="0"/>
        <metrics loc="19" ncloc="19" classes="1" methods="1" coveredmethods="0" conditionals="0" coveredconditionals="0" statements="2" coveredstatements="0" elements="3" coveredelements="0"/>
      </file>
      <file name="/workspace/app/api/src/Http/Context.php">
        <class name="Paith\Notes\Api\Http\Context" namespace="Paith\Notes\Api\Http">
          <metrics complexity="15" methods="8" coveredmethods="7" conditionals="0" coveredconditionals="0" statements="23" coveredstatements="22" elements="31" coveredelements="29"/>
        </class>
        <line num="22" type="method" name="__construct" visibility="public" complexity="1" crap="1" count="136"/>
        <line num="24" type="stmt" count="136"/>
        <line num="25" type="stmt" count="136"/>
        <line num="26" type="stmt" count="136"/>
        <line num="29" type="method" name="pdo" visibility="public" complexity="3" crap="3" count="133"/>
        <line num="31" type="stmt" count="133"/>
        <line num="32" type="stmt" count="130"/>
        <line num="35" type="stmt" count="133"/>
        <line num="40" type="stmt" count="133"/>
        <line num="41" type="stmt" count="133"/>
        <line num="42" type="stmt" count="133"/>
        <line num="44" type="stmt" count="133"/>
        <line num="45" type="stmt" count="133"/>
        <line num="52" type="method" name="syncAuditUser" visibility="public" complexity="3" crap="3" count="130"/>
        <line num="54" type="stmt" count="130"/>
        <line num="55" type="stmt" count="130"/>
        <line num="56" type="stmt" count="130"/>
        <line num="60" type="method" name="setUser" visibility="public" complexity="1" crap="1" count="130"/>
        <line num="62" type="stmt" count="130"/>
        <line num="65" type="method" name="user" visibility="public" complexity="2" crap="2.15" count="130"/>
        <line num="67" type="stmt" count="130"/>
        <line num="68" type="stmt" count="0"/>
        <line num="70" type="stmt" count="130"/>
        <line num="76" type="method" name="userId" visibility="public" complexity="1" crap="1" count="62"/>
        <line num="78" type="stmt" count="62"/>
        <line num="82" type="method" name="setActor" visibility="public" complexity="3" crap="3" count="130"/>
        <line num="84" type="stmt" count="130"/>
        <line num="85" type="stmt" count="130"/>
        <line num="86" type="stmt" count="130"/>
        <line num="91" type="method" name="actor" visibility="public" complexity="1" crap="1" count="49"/>
        <line num="93" type="stmt" count="49"/>
        <metrics loc="96" ncloc="82" classes="1" methods="8" coveredmethods="7" conditionals="0" coveredconditionals="0" statements="23" coveredstatements="22" elements="31" coveredelements="29"/>
      </file>
      <file name="/workspace/app/api/src/Http/Db.php">
        <class name="Paith\Notes\Api\Http\Db" namespace="Paith\Notes\Api\Http">
          <metrics complexity="1" methods="1" coveredmethods="1" conditionals="0" coveredconditionals="0" statements="7" coveredstatements="7" elements="8" coveredelements="8"/>
        </class>
        <line num="14" type="method" name="pdoFromEnv" visibility="public" complexity="1" crap="1" count="124"/>
        <line num="16" type="stmt" count="124"/>
        <line num="17" type="stmt" count="124"/>
        <line num="19" type="stmt" count="124"/>
        <line num="20" type="stmt" count="124"/>
        <line num="21" type="stmt" count="124"/>
        <line num="22" type="stmt" count="124"/>
        <line num="24" type="stmt" count="124"/>
        <metrics loc="27" ncloc="27" classes="1" methods="1" coveredmethods="1" conditionals="0" coveredconditionals="0" statements="7" coveredstatements="7" elements="8" coveredelements="8"/>
      </file>
      <file name="/workspace/app/api/src/Http/FileResponse.php">
        <class name="Paith\Notes\Api\Http\FileResponse" namespace="Paith\Notes\Api\Http">
          <metrics complexity="6" methods="6" coveredmethods="4" conditionals="0" coveredconditionals="0" statements="9" coveredstatements="7" elements="15" coveredelements="11"/>
        </class>
        <line num="20" type="method" name="__construct" visibility="public" complexity="1" crap="1" count="4"/>
        <line num="22" type="stmt" count="4"/>
        <line num="23" type="stmt" count="4"/>
        <line num="24" type="stmt" count="4"/>
        <line num="25" type="stmt" count="4"/>
        <line num="28" type="method" name="statusCode" visibility="public" complexity="1" crap="1" count="4"/>
        <line num="30" type="stmt" count="4"/>
        <line num="34" type="method" name="headers" visibility="public" complexity="1" crap="1" count="4"/>
        <line num="36" type="stmt" count="4"/>
        <line num="43" type="method" name="body" visibility="public" complexity="1" crap="1" count="4"/>
        <line num="45" type="stmt" count="4"/>
        <line num="48" type="method" name="filePath" visibility="public" complexity="1" crap="2" count="0"/>
        <line num="50" type="stmt" count="0"/>
        <line num="53" type="method" name="deleteAfter" visibility="public" complexity="1" crap="2" count="0"/>
        <line num="55" type="stmt" count="0"/>
        <metrics loc="58" ncloc="47" classes="1" methods="6" coveredmethods="4" conditionals="0" coveredconditionals="0" statements="9" coveredstatements="7" elements="15" coveredelements="11"/>
      </file>
      <file name="/workspace/app/api/src/Http/HttpError.php">
        <class name="Paith\Notes\Api\Http\HttpError" namespace="Paith\Notes\Api\Http">
          <metrics complexity="1" methods="1" coveredmethods="1" conditionals="0" coveredconditionals="0" statements="2" coveredstatements="2" elements="3" coveredelements="3"/>
        </class>
        <line num="13" type="method" name="__construct" visibility="public" complexity="1" crap="1" count="70"/>
        <line num="15" type="stmt" count="70"/>
        <line num="16" type="stmt" count="70"/>
        <metrics loc="19" ncloc="19" classes="1" methods="1" coveredmethods="1" conditionals="0" coveredconditionals="0" statements="2" coveredstatements="2" elements="3" coveredelements="3"/>
      </file>
      <file name="/workspace/app/api/src/Http/JsonResponse.php">
        <class name="Paith\Notes\Api\Http\JsonResponse" namespace="Paith\Notes\Api\Http">
          <metrics complexity="8" methods="7" coveredmethods="7" conditionals="0" coveredconditionals="0" statements="14" coveredstatements="14" elements="21" coveredelements="21"/>
        </class>
        <line num="20" type="method" name="__construct" visibility="public" complexity="1" crap="1" count="132"/>
        <line num="22" type="stmt" count="132"/>
        <line num="23" type="stmt" count="132"/>
        <line num="24" type="stmt" count="132"/>
        <line num="25" type="stmt" count="132"/>
        <line num="31" type="method" name="ok" visibility="public" complexity="2" crap="2" count="130"/>
        <line num="33" type="stmt" count="130"/>
        <line num="34" type="stmt" count="130"/>
        <line num="36" type="stmt" count="130"/>
        <line num="42" type="method" name="error" visibility="public" complexity="1" crap="1" count="54"/>
        <line num="44" type="stmt" count="54"/>
        <line num="45" type="stmt" count="54"/>
        <line num="48" type="method" name="statusCode" visibility="public" complexity="1" crap="1" count="132"/>
        <line num="50" type="stmt" count="132"/>
        <line num="54" type="method" name="headers" visibility="public" complexity="1" crap="1" count="125"/>
        <line num="56" type="stmt" count="125"/>
        <line num="59" type="method" name="body" visibility="public" complexity="1" crap="1" count="125"/>
        <line num="61" type="stmt" count="125"/>
        <line num="64" type="method" name="withHeader" visibility="public" complexity="1" crap="1" count="2"/>
        <line num="66" type="stmt" count="2"/>
        <line num="67" type="stmt" count="2"/>
        <metrics loc="70" ncloc="58" classes="1" methods="7" coveredmethods="7" conditionals="0" coveredconditionals="0" statements="14" coveredstatements="14" elements="21" coveredelements="21"/>
      </file>
      <file name="/workspace/app/api/src/Http/Kernel.php">
        <class name="Paith\Notes\Api\Http\Kernel" namespace="Paith\Notes\Api\Http">
          <metrics complexity="29" methods="4" coveredmethods="1" conditionals="0" coveredconditionals="0" statements="62" coveredstatements="45" elements="66" coveredelements="46"/>
        </class>
        <line num="19" type="method" name="__construct" visibility="public" complexity="1" crap="1" count="1"/>
        <line num="21" type="stmt" count="1"/>
        <line num="22" type="stmt" count="1"/>
        <line num="25" type="method" name="handle" visibility="public" complexity="7" crap="7.39" count="126"/>
        <line num="28" type="stmt" count="126"/>
        <line num="30" type="stmt" count="126"/>
        <line num="31" type="stmt" count="0"/>
        <line num="34" type="stmt" count="126"/>
        <line num="35" type="stmt" count="0"/>
        <line num="38" type="stmt" count="126"/>
        <line num="39" type="stmt" count="126"/>
        <line num="41" type="stmt" count="126"/>
        <line num="43" type="stmt" count="126"/>
        <line num="46" type="stmt" count="126"/>
        <line num="47" type="stmt" count="124"/>
        <line num="48" type="stmt" count="126"/>
        <line num="50" type="stmt" count="126"/>
        <line num="51" type="stmt" count="125"/>
        <line num="52" type="stmt" count="125"/>
        <line num="53" type="stmt" count="0"/>
        <line num="56" type="stmt" count="125"/>
        <line num="57" type="stmt" count="125"/>
        <line num="58" type="stmt" count="125"/>
        <line num="59" type="stmt" count="125"/>
        <line num="62" type="stmt" count="126"/>
        <line num="63" type="stmt" count="52"/>
        <line num="64" type="stmt" count="52"/>
        <line num="65" type="stmt" count="0"/>
        <line num="66" type="stmt" count="0"/>
        <line num="70" type="method" name="invokeHandler" visibility="private" complexity="12" crap="30.00" count="124"/>
        <line num="72" type="stmt" count="124"/>
        <line num="73" type="stmt" count="124"/>
        <line num="74" type="stmt" count="124"/>
        <line num="76" type="stmt" count="124"/>
        <line num="77" type="stmt" count="0"/>
        <line num="80" type="stmt" count="124"/>
        <line num="81" type="stmt" count="0"/>
        <line num="84" type="stmt" count="124"/>
        <line num="85" type="stmt" count="124"/>
        <line num="86" type="stmt" count="0"/>
        <line num="89" type="stmt" count="124"/>
        <line num="90" type="stmt" count="124"/>
        <line num="91" type="stmt" count="0"/>
        <line num="94" type="stmt" count="124"/>
        <line num="97" type="stmt" count="0"/>
        <line num="98" type="stmt" count="0"/>
        <line num="99" type="stmt" count="0"/>
        <line num="100" type="stmt" count="0"/>
        <line num="102" type="stmt" count="0"/>
        <line num="105" type="stmt" count="0"/>
        <line num="109" type="method" name="middlewaresForPath" visibility="private" complexity="9" crap="9.19" count="126"/>
        <line num="111" type="stmt" count="126"/>
        <line num="113" type="stmt" count="126"/>
        <line num="114" type="stmt" count="126"/>
        <line num="115" type="stmt" count="0"/>
        <line num="117" type="stmt" count="126"/>
        <line num="118" type="stmt" count="0"/>
        <line num="120" type="stmt" count="126"/>
        <line num="121" type="stmt" count="126"/>
        <line num="123" type="stmt" count="126"/>
        <line num="124" type="stmt" count="126"/>
        <line num="125" type="stmt" count="126"/>
        <line num="126" type="stmt" count="126"/>
        <line num="128" type="stmt" count="125"/>
        <line num="129" type="stmt" count="125"/>
        <line num="133" type="stmt" count="126"/>
        <metrics loc="136" ncloc="132" classes="1" methods="4" coveredmethods="1" conditionals="0" coveredconditionals="0" statements="62" coveredstatements="45" elements="66" coveredelements="46"/>
      </file>
      <file name="/workspace/app/api/src/Http/RedirectResponse.php">
        <class name="Paith\Notes\Api\Http\RedirectResponse" namespace="Paith\Notes\Api\Http">
          <metrics complexity="4" methods="4" coveredmethods="4" conditionals="0" coveredconditionals="0" statements="7" coveredstatements="7" elements="11" coveredelements="11"/>
        </class>
        <line num="17" type="method" name="__construct" visibility="public" complexity="1" crap="1" count="1"/>
        <line num="19" type="stmt" count="1"/>
        <line num="20" type="stmt" count="1"/>
        <line num="21" type="stmt" count="1"/>
        <line num="22" type="stmt" count="1"/>
        <line num="25" type="method" name="statusCode" visibility="public" complexity="1" crap="1" count="1"/>
        <line num="27" type="stmt" count="1"/>
        <line num="31" type="method" name="headers" visibility="public" complexity="1" crap="1" count="1"/>
        <line num="33" type="stmt" count="1"/>
        <line num="36" type="method" name="body" visibility="public" complexity="1" crap="1" count="1"/>
        <line num="38" type="stmt" count="1"/>
        <metrics loc="41" ncloc="38" classes="1" methods="4" coveredmethods="4" conditionals="0" coveredconditionals="0" statements="7" coveredstatements="7" elements="11" coveredelements="11"/>
      </file>
      <file name="/workspace/app/api/src/Http/Request.php">
        <class name="Paith\Notes\Api\Http\Request" namespace="Paith\Notes\Api\Http">
          <metrics complexity="35" methods="15" coveredmethods="8" conditionals="0" coveredconditionals="0" statements="63" coveredstatements="26" elements="78" coveredelements="34"/>
        </class>
        <line num="29" type="method" name="__construct" visibility="public" complexity="1" crap="1" count="136"/>
        <line num="31" type="stmt" count="136"/>
        <line num="32" type="stmt" count="136"/>
        <line num="33" type="stmt" count="136"/>
        <line num="34" type="stmt" count="136"/>
        <line num="35" type="stmt" count="136"/>
        <line num="36" type="stmt" count="136"/>
        <line num="39" type="method" name="fromGlobals" visibility="public" complexity="13" crap="182" count="0"/>
        <line num="41" type="stmt" count="0"/>
        <line num="42" type="stmt" count="0"/>
        <line num="43" type="stmt" count="0"/>
        <line num="46" type="stmt" count="0"/>
        <line num="47" type="stmt" count="0"/>
        <line num="48" type="stmt" count="0"/>
        <line num="51" type="stmt" count="0"/>
        <line num="52" type="stmt" count="0"/>
        <line num="54" type="stmt" count="0"/>
        <line num="55" type="stmt" count="0"/>
        <line num="56" type="stmt" count="0"/>
        <line num="57" type="stmt" count="0"/>
        <line num="59" type="stmt" count="0"/>
        <line num="61" type="stmt" count="0"/>
        <line num="62" type="stmt" count="0"/>
        <line num="63" type="stmt" count="0"/>
        <line num="64" type="stmt" count="0"/>
        <line num="66" type="stmt" count="0"/>
        <line num="67" type="stmt" count="0"/>
        <line num="68" type="stmt" count="0"/>
        <line num="69" type="stmt" count="0"/>
        <line num="71" type="stmt" count="0"/>
        <line num="72" type="stmt" count="0"/>
        <line num="74" type="stmt" count="0"/>
        <line num="75" type="stmt" count="0"/>
        <line num="79" type="stmt" count="0"/>
        <line num="80" type="stmt" count="0"/>
        <line num="81" type="stmt" count="0"/>
        <line num="82" type="stmt" count="0"/>
        <line num="85" type="stmt" count="0"/>
        <line num="88" type="method" name="method" visibility="public" complexity="1" crap="1" count="136"/>
        <line num="90" type="stmt" count="136"/>
        <line num="93" type="method" name="path" visibility="public" complexity="1" crap="1" count="136"/>
        <line num="95" type="stmt" count="136"/>
        <line num="99" type="method" name="headers" visibility="public" complexity="1" crap="2" count="0"/>
        <line num="101" type="stmt" count="0"/>
        <line num="104" type="method" name="header" visibility="public" complexity="1" crap="1" count="136"/>
        <line num="106" type="stmt" count="136"/>
        <line num="110" type="method" name="query" visibility="public" complexity="1" crap="2" count="0"/>
        <line num="112" type="stmt" count="0"/>
        <line num="115" type="method" name="queryParam" visibility="public" complexity="2" crap="2" count="27"/>
        <line num="117" type="stmt" count="27"/>
        <line num="118" type="stmt" count="27"/>
        <line num="121" type="method" name="body" visibility="public" complexity="1" crap="1" count="2"/>
        <line num="123" type="stmt" count="2"/>
        <line num="133" type="method" name="jsonBody" visibility="public" complexity="2" crap="2.15" count="119"/>
        <line num="135" type="stmt" count="119"/>
        <line num="136" type="stmt" count="0"/>
        <line num="139" type="stmt" count="119"/>
        <line num="143" type="method" name="routeParams" visibility="public" complexity="1" crap="2" count="0"/>
        <line num="145" type="stmt" count="0"/>
        <line num="148" type="method" name="routeParam" visibility="public" complexity="2" crap="2" count="112"/>
        <line num="150" type="stmt" count="112"/>
        <line num="151" type="stmt" count="112"/>
        <line num="159" type="method" name="requireUuidRouteParam" visibility="public" complexity="3" crap="3.33" count="96"/>
        <line num="161" type="stmt" count="96"/>
        <line num="162" type="stmt" count="96"/>
        <line num="163" type="stmt" count="0"/>
        <line num="165" type="stmt" count="96"/>
        <line num="166" type="stmt" count="0"/>
        <line num="168" type="stmt" count="96"/>
        <line num="172" type="method" name="withRouteParams" visibility="public" complexity="1" crap="1" count="126"/>
        <line num="174" type="stmt" count="126"/>
        <line num="181" type="method" name="normalizeHeaders" visibility="private" complexity="4" crap="4.07" count="136"/>
        <line num="183" type="stmt" count="136"/>
        <line num="184" type="stmt" count="136"/>
        <line num="185" type="stmt" count="133"/>
        <line num="186" type="stmt" count="0"/>
        <line num="188" type="stmt" count="133"/>
        <line num="190" type="stmt" count="136"/>
        <metrics loc="193" ncloc="165" classes="1" methods="15" coveredmethods="8" conditionals="0" coveredconditionals="0" statements="63" coveredstatements="26" elements="78" coveredelements="34"/>
      </file>
      <file name="/workspace/app/api/src/Http/RouteScope.php">
        <class name="Paith\Notes\Api\Http\RouteScope" namespace="Paith\Notes\Api\Http">
          <metrics complexity="10" methods="7" coveredmethods="6" conditionals="0" coveredconditionals="0" statements="21" coveredstatements="19" elements="28" coveredelements="25"/>
        </class>
        <line num="19" type="method" name="__construct" visibility="public" complexity="1" crap="1" count="1"/>
        <line num="21" type="stmt" count="1"/>
        <line num="22" type="stmt" count="1"/>
        <line num="23" type="stmt" count="1"/>
        <line num="26" type="method" name="group" visibility="public" complexity="1" crap="1" count="1"/>
        <line num="28" type="stmt" count="1"/>
        <line num="30" type="stmt" count="1"/>
        <line num="31" type="stmt" count="1"/>
        <line num="32" type="stmt" count="1"/>
        <line num="33" type="stmt" count="1"/>
        <line num="36" type="method" name="use" visibility="public" complexity="1" crap="1" count="1"/>
        <line num="38" type="stmt" count="1"/>
        <line num="39" type="stmt" count="1"/>
        <line num="42" type="method" name="get" visibility="public" complexity="1" crap="1" count="1"/>
        <line num="44" type="stmt" count="1"/>
        <line num="47" type="method" name="post" visibility="public" complexity="1" crap="1" count="1"/>
        <line num="49" type="stmt" count="1"/>
        <line num="52" type="method" name="add" visibility="public" complexity="1" crap="1" count="1"/>
        <line num="54" type="stmt" count="1"/>
        <line num="57" type="method" name="joinAbsolutePrefix" visibility="private" complexity="4" crap="4.25" count="1"/>
        <line num="59" type="stmt" count="1"/>
        <line num="61" type="stmt" count="1"/>
        <line num="62" type="stmt" count="0"/>
        <line num="65" type="stmt" count="1"/>
        <line num="66" type="stmt" count="0"/>
        <line num="69" type="stmt" count="1"/>
        <line num="70" type="stmt" count="1"/>
        <line num="73" type="stmt" count="1"/>
        <metrics loc="76" ncloc="74" classes="1" methods="7" coveredmethods="6" conditionals="0" coveredconditionals="0" statements="21" coveredstatements="19" elements="28" coveredelements="25"/>
      </file>
      <file name="/workspace/app/api/src/Http/Routes.php">
        <class name="Paith\Notes\Api\Http\Routes" namespace="Paith\Notes\Api\Http">
          <metrics complexity="2" methods="2" coveredmethods="2" conditionals="0" coveredconditionals="0" statements="14" coveredstatements="14" elements="16" coveredelements="16"/>
        </class>
        <line num="17" type="method" name="build" visibility="public" complexity="1" crap="1" count="1"/>
        <line num="20" type="stmt" count="1"/>
        <line num="22" type="stmt" count="1"/>
        <line num="23" type="stmt" count="1"/>
        <line num="24" type="stmt" count="1"/>
        <line num="25" type="stmt" count="1"/>
        <line num="26" type="stmt" count="1"/>
        <line num="28" type="stmt" count="1"/>
        <line num="30" type="stmt" count="1"/>
        <line num="31" type="stmt" count="1"/>
        <line num="33" type="stmt" count="1"/>
        <line num="36" type="method" name="registerRootRoutes" visibility="public" complexity="1" crap="1" count="1"/>
        <line num="38" type="stmt" count="1"/>
        <line num="39" type="stmt" count="1"/>
        <line num="40" type="stmt" count="1"/>
        <line num="42" type="stmt" count="1"/>
        <metrics loc="45" ncloc="43" classes="1" methods="2" coveredmethods="2" conditionals="0" coveredconditionals="0" statements="14" coveredstatements="14" elements="16" coveredelements="16"/>
      </file>
      <file name="/workspace/app/api/src/Http/TextResponse.php">
        <class name="Paith\Notes\Api\Http\TextResponse" namespace="Paith\Notes\Api\Http">
          <metrics complexity="4" methods="4" coveredmethods="4" conditionals="0" coveredconditionals="0" statements="7" coveredstatements="7" elements="11" coveredelements="11"/>
        </class>
        <line num="17" type="method" name="__construct" visibility="public" complexity="1" crap="1" count="2"/>
        <line num="19" type="stmt" count="2"/>
        <line num="20" type="stmt" count="2"/>
        <line num="21" type="stmt" count="2"/>
        <line num="22" type="stmt" count="2"/>
        <line num="25" type="method" name="statusCode" visibility="public" complexity="1" crap="1" count="2"/>
        <line num="27" type="stmt" count="2"/>
        <line num="31" type="method" name="headers" visibility="public" complexity="1" crap="1" count="2"/>
        <line num="33" type="stmt" count="2"/>
        <line num="36" type="method" name="body" visibility="public" complexity="1" crap="1" count="2"/>
        <line num="38" type="stmt" count="2"/>
        <metrics loc="41" ncloc="38" classes="1" methods="4" coveredmethods="4" conditionals="0" coveredconditionals="0" statements="7" coveredstatements="7" elements="11" coveredelements="11"/>
      </file>
    </package>
    <package name="Paith\Notes\Api\Http\Auth">
      <file name="/workspace/app/api/src/Http/Auth/Cookies.php">
        <class name="Paith\Notes\Api\Http\Auth\Cookies" namespace="Paith\Notes\Api\Http\Auth">
          <metrics complexity="9" methods="2" coveredmethods="0" conditionals="0" coveredconditionals="0" statements="27" coveredstatements="22" elements="29" coveredelements="22"/>
        </class>
        <line num="10" type="method" name="parseCookieHeader" visibility="public" complexity="6" crap="6.24" count="11"/>
        <line num="12" type="stmt" count="11"/>
        <line num="13" type="stmt" count="11"/>
        <line num="14" type="stmt" count="11"/>
        <line num="15" type="stmt" count="0"/>
        <line num="18" type="stmt" count="11"/>
        <line num="19" type="stmt" count="11"/>
        <line num="20" type="stmt" count="11"/>
        <line num="21" type="stmt" count="11"/>
        <line num="22" type="stmt" count="0"/>
        <line num="24" type="stmt" count="11"/>
        <line num="25" type="stmt" count="11"/>
        <line num="26" type="stmt" count="11"/>
        <line num="27" type="stmt" count="11"/>
        <line num="28" type="stmt" count="0"/>
        <line num="30" type="stmt" count="11"/>
        <line num="32" type="stmt" count="11"/>
        <line num="35" type="method" name="buildSetCookie" visibility="public" complexity="3" crap="3.05" count="2"/>
        <line num="37" type="stmt" count="2"/>
        <line num="38" type="stmt" count="2"/>
        <line num="39" type="stmt" count="2"/>
        <line num="40" type="stmt" count="2"/>
        <line num="41" type="stmt" count="2"/>
        <line num="42" type="stmt" count="2"/>
        <line num="43" type="stmt" count="0"/>
        <line num="45" type="stmt" count="2"/>
        <line num="46" type="stmt" count="2"/>
        <line num="48" type="stmt" count="0"/>
        <line num="50" type="stmt" count="2"/>
        <metrics loc="53" ncloc="52" classes="1" methods="2" coveredmethods="0" conditionals="0" coveredconditionals="0" statements="27" coveredstatements="22" elements="29" coveredelements="22"/>
      </file>
      <file name="/workspace/app/api/src/Http/Auth/KeycloakJwt.php">
        <class name="Paith\Notes\Api\Http\Auth\KeycloakJwt" namespace="Paith\Notes\Api\Http\Auth">
          <metrics complexity="58" methods="9" coveredmethods="0" conditionals="0" coveredconditionals="0" statements="120" coveredstatements="0" elements="129" coveredelements="0"/>
        </class>
        <line num="26" type="method" name="__construct" visibility="public" complexity="1" crap="2" count="0"/>
        <line num="28" type="stmt" count="0"/>
        <line num="29" type="stmt" count="0"/>
        <line num="30" type="stmt" count="0"/>
        <line num="31" type="stmt" count="0"/>
        <line num="32" type="stmt" count="0"/>
        <line num="35" type="method" name="fromEnv" visibility="public" complexity="5" crap="30" count="0"/>
        <line num="37" type="stmt" count="0"/>
        <line num="38" type="stmt" count="0"/>
        <line num="39" type="stmt" count="0"/>
        <line num="41" type="stmt" count="0"/>
        <line num="42" type="stmt" count="0"/>
        <line num="45" type="stmt" count="0"/>
        <line num="46" type="stmt" count="0"/>
        <line num="48" type="stmt" count="0"/>
        <line num="49" type="stmt" count="0"/>
        <line num="50" type="stmt" count="0"/>
        <line num="53" type="stmt" count="0"/>
        <line num="56" type="method" name="verifyAndDecode" visibility="public" complexity="16" crap="272" count="0"/>
        <line num="59" type="stmt" count="0"/>
        <line num="60" type="stmt" count="0"/>
        <line num="62" type="stmt" count="0"/>
        <line num="63" type="stmt" count="0"/>
        <line num="64" type="stmt" count="0"/>
        <line num="67" type="stmt" count="0"/>
        <line num="68" type="stmt" count="0"/>
        <line num="69" type="stmt" count="0"/>
        <line num="72" type="stmt" count="0"/>
        <line num="73" type="stmt" count="0"/>
        <line num="74" type="stmt" count="0"/>
        <line num="75" type="stmt" count="0"/>
        <line num="78" type="stmt" count="0"/>
        <line num="79" type="stmt" count="0"/>
        <line num="80" type="stmt" count="0"/>
        <line num="83" type="stmt" count="0"/>
        <line num="84" type="stmt" count="0"/>
        <line num="85" type="stmt" count="0"/>
        <line num="86" type="stmt" count="0"/>
        <line num="89" type="stmt" count="0"/>
        <line num="90" type="stmt" count="0"/>
        <line num="91" type="stmt" count="0"/>
        <line num="92" type="stmt" count="0"/>
        <line num="93" type="stmt" count="0"/>
        <line num="96" type="stmt" count="0"/>
        <line num="97" type="stmt" count="0"/>
        <line num="101" type="stmt" count="0"/>
        <line num="104" type="method" name="audContainsClientId" visibility="private" complexity="6" crap="42" count="0"/>
        <line num="106" type="stmt" count="0"/>
        <line num="107" type="stmt" count="0"/>
        <line num="110" type="stmt" count="0"/>
        <line num="111" type="stmt" count="0"/>
        <line num="112" type="stmt" count="0"/>
        <line num="113" type="stmt" count="0"/>
        <line num="116" type="stmt" count="0"/>
        <line num="119" type="stmt" count="0"/>
        <line num="123" type="method" name="parseJwt" visibility="private" complexity="4" crap="20" count="0"/>
        <line num="125" type="stmt" count="0"/>
        <line num="126" type="stmt" count="0"/>
        <line num="127" type="stmt" count="0"/>
        <line num="130" type="stmt" count="0"/>
        <line num="131" type="stmt" count="0"/>
        <line num="132" type="stmt" count="0"/>
        <line num="133" type="stmt" count="0"/>
        <line num="135" type="stmt" count="0"/>
        <line num="136" type="stmt" count="0"/>
        <line num="138" type="stmt" count="0"/>
        <line num="139" type="stmt" count="0"/>
        <line num="142" type="stmt" count="0"/>
        <line num="145" type="method" name="base64UrlDecode" visibility="private" complexity="2" crap="6" count="0"/>
        <line num="147" type="stmt" count="0"/>
        <line num="148" type="stmt" count="0"/>
        <line num="149" type="stmt" count="0"/>
        <line num="151" type="stmt" count="0"/>
        <line num="154" type="method" name="base64UrlDecodeBinary" visibility="private" complexity="3" crap="12" count="0"/>
        <line num="156" type="stmt" count="0"/>
        <line num="157" type="stmt" count="0"/>
        <line num="158" type="stmt" count="0"/>
        <line num="159" type="stmt" count="0"/>
        <line num="162" type="stmt" count="0"/>
        <line num="163" type="stmt" count="0"/>
        <line num="164" type="stmt" count="0"/>
        <line num="166" type="stmt" count="0"/>
        <line num="169" type="method" name="getPublicKeyPemForKid" visibility="private" complexity="14" crap="210" count="0"/>
        <line num="171" type="stmt" count="0"/>
        <line num="172" type="stmt" count="0"/>
        <line num="173" type="stmt" count="0"/>
        <line num="174" type="stmt" count="0"/>
        <line num="177" type="stmt" count="0"/>
        <line num="178" type="stmt" count="0"/>
        <line num="179" type="stmt" count="0"/>
        <line num="182" type="stmt" count="0"/>
        <line num="183" type="stmt" count="0"/>
        <line num="184" type="stmt" count="0"/>
        <line num="187" type="stmt" count="0"/>
        <line num="188" type="stmt" count="0"/>
        <line num="189" type="stmt" count="0"/>
        <line num="190" type="stmt" count="0"/>
        <line num="191" type="stmt" count="0"/>
        <line num="192" type="stmt" count="0"/>
        <line num="195" type="stmt" count="0"/>
        <line num="196" type="stmt" count="0"/>
        <line num="197" type="stmt" count="0"/>
        <line num="200" type="stmt" count="0"/>
        <line num="201" type="stmt" count="0"/>
        <line num="202" type="stmt" count="0"/>
        <line num="205" type="stmt" count="0"/>
        <line num="208" type="stmt" count="0"/>
        <line num="211" type="stmt" count="0"/>
        <line num="215" type="method" name="getJwks" visibility="private" complexity="7" crap="56" count="0"/>
        <line num="217" type="stmt" count="0"/>
        <line num="218" type="stmt" count="0"/>
        <line num="219" type="stmt" count="0"/>
        <line num="222" type="stmt" count="0"/>
        <line num="223" type="stmt" count="0"/>
        <line num="224" type="stmt" count="0"/>
        <line num="225" type="stmt" count="0"/>
        <line num="226" type="stmt" count="0"/>
        <line num="228" type="stmt" count="0"/>
        <line num="229" type="stmt" count="0"/>
        <line num="230" type="stmt" count="0"/>
        <line num="233" type="stmt" count="0"/>
        <line num="234" type="stmt" count="0"/>
        <line num="235" type="stmt" count="0"/>
        <line num="237" type="stmt" count="0"/>
        <line num="238" type="stmt" count="0"/>
        <line num="239" type="stmt" count="0"/>
        <line num="242" type="stmt" count="0"/>
        <line num="243" type="stmt" count="0"/>
        <line num="245" type="stmt" count="0"/>
        <metrics loc="248" ncloc="243" classes="1" methods="9" coveredmethods="0" conditionals="0" coveredconditionals="0" statements="120" coveredstatements="0" elements="129" coveredelements="0"/>
      </file>
      <file name="/workspace/app/api/src/Http/Auth/KeycloakOAuth.php">
        <class name="Paith\Notes\Api\Http\Auth\KeycloakOAuth" namespace="Paith\Notes\Api\Http\Auth">
          <metrics complexity="17" methods="7" coveredmethods="5" conditionals="0" coveredconditionals="0" statements="83" coveredstatements="25" elements="90" coveredelements="30"/>
        </class>
        <line num="17" type="method" name="__construct" visibility="public" complexity="1" crap="1" count="1"/>
        <line num="19" type="stmt" count="1"/>
        <line num="20" type="stmt" count="1"/>
        <line num="21" type="stmt" count="1"/>
        <line num="22" type="stmt" count="1"/>
        <line num="25" type="method" name="fromEnv" visibility="public" complexity="1" crap="1" count="1"/>
        <line num="27" type="stmt" count="1"/>
        <line num="28" type="stmt" count="1"/>
        <line num="29" type="stmt" count="1"/>
        <line num="30" type="stmt" count="1"/>
        <line num="31" type="stmt" count="1"/>
        <line num="32" type="stmt" count="1"/>
        <line num="35" type="method" name="issuer" visibility="public" complexity="1" crap="1" count="1"/>
        <line num="37" type="stmt" count="1"/>
        <line num="40" type="method" name="pkceCodeChallengeS256" visibility="public" complexity="1" crap="1" count="1"/>
        <line num="42" type="stmt" count="1"/>
        <line num="43" type="stmt" count="1"/>
        <line num="44" type="stmt" count="1"/>
        <line num="47" type="method" name="authUrl" visibility="public" complexity="1" crap="1" count="1"/>
        <line num="54" type="stmt" count="1"/>
        <line num="55" type="stmt" count="1"/>
        <line num="56" type="stmt" count="1"/>
        <line num="57" type="stmt" count="1"/>
        <line num="58" type="stmt" count="1"/>
        <line num="59" type="stmt" count="1"/>
        <line num="60" type="stmt" count="1"/>
        <line num="61" type="stmt" count="1"/>
        <line num="62" type="stmt" count="1"/>
        <line num="63" type="stmt" count="1"/>
        <line num="65" type="stmt" count="1"/>
        <line num="69" type="method" name="exchangeCode" visibility="public" complexity="6" crap="42" count="0"/>
        <line num="71" type="stmt" count="0"/>
        <line num="73" type="stmt" count="0"/>
        <line num="74" type="stmt" count="0"/>
        <line num="75" type="stmt" count="0"/>
        <line num="76" type="stmt" count="0"/>
        <line num="77" type="stmt" count="0"/>
        <line num="78" type="stmt" count="0"/>
        <line num="79" type="stmt" count="0"/>
        <line num="80" type="stmt" count="0"/>
        <line num="81" type="stmt" count="0"/>
        <line num="84" type="stmt" count="0"/>
        <line num="86" type="stmt" count="0"/>
        <line num="87" type="stmt" count="0"/>
        <line num="88" type="stmt" count="0"/>
        <line num="89" type="stmt" count="0"/>
        <line num="90" type="stmt" count="0"/>
        <line num="91" type="stmt" count="0"/>
        <line num="92" type="stmt" count="0"/>
        <line num="93" type="stmt" count="0"/>
        <line num="94" type="stmt" count="0"/>
        <line num="96" type="stmt" count="0"/>
        <line num="97" type="stmt" count="0"/>
        <line num="98" type="stmt" count="0"/>
        <line num="101" type="stmt" count="0"/>
        <line num="102" type="stmt" count="0"/>
        <line num="103" type="stmt" count="0"/>
        <line num="106" type="stmt" count="0"/>
        <line num="107" type="stmt" count="0"/>
        <line num="108" type="stmt" count="0"/>
        <line num="112" type="stmt" count="0"/>
        <line num="116" type="method" name="refreshToken" visibility="public" complexity="6" crap="42" count="0"/>
        <line num="118" type="stmt" count="0"/>
        <line num="120" type="stmt" count="0"/>
        <line num="121" type="stmt" count="0"/>
        <line num="122" type="stmt" count="0"/>
        <line num="123" type="stmt" count="0"/>
        <line num="124" type="stmt" count="0"/>
        <line num="125" type="stmt" count="0"/>
        <line num="126" type="stmt" count="0"/>
        <line num="129" type="stmt" count="0"/>
        <line num="131" type="stmt" count="0"/>
        <line num="132" type="stmt" count="0"/>
        <line num="133" type="stmt" count="0"/>
        <line num="134" type="stmt" count="0"/>
        <line num="135" type="stmt" count="0"/>
        <line num="136" type="stmt" count="0"/>
        <line num="137" type="stmt" count="0"/>
        <line num="138" type="stmt" count="0"/>
        <line num="139" type="stmt" count="0"/>
        <line num="141" type="stmt" count="0"/>
        <line num="142" type="stmt" count="0"/>
        <line num="143" type="stmt" count="0"/>
        <line num="146" type="stmt" count="0"/>
        <line num="147" type="stmt" count="0"/>
        <line num="148" type="stmt" count="0"/>
        <line num="151" type="stmt" count="0"/>
        <line num="152" type="stmt" count="0"/>
        <line num="153" type="stmt" count="0"/>
        <line num="157" type="stmt" count="0"/>
        <metrics loc="160" ncloc="156" classes="1" methods="7" coveredmethods="5" conditionals="0" coveredconditionals="0" statements="83" coveredstatements="25" elements="90" coveredelements="30"/>
      </file>
      <file name="/workspace/app/api/src/Http/Auth/SessionCrypto.php">
        <class name="Paith\Notes\Api\Http\Auth\SessionCrypto" namespace="Paith\Notes\Api\Http\Auth">
          <metrics complexity="12" methods="4" coveredmethods="1" conditionals="0" coveredconditionals="0" statements="26" coveredstatements="20" elements="30" coveredelements="21"/>
        </class>
        <line num="14" type="method" name="__construct" visibility="public" complexity="1" crap="1" count="10"/>
        <line num="16" type="stmt" count="10"/>
        <line num="19" type="method" name="fromEnv" visibility="public" complexity="2" crap="2.03" count="10"/>
        <line num="21" type="stmt" count="10"/>
        <line num="22" type="stmt" count="10"/>
        <line num="23" type="stmt" count="10"/>
        <line num="24" type="stmt" count="0"/>
        <line num="26" type="stmt" count="10"/>
        <line num="29" type="method" name="encrypt" visibility="public" complexity="4" crap="4.25" count="10"/>
        <line num="31" type="stmt" count="10"/>
        <line num="32" type="stmt" count="10"/>
        <line num="33" type="stmt" count="10"/>
        <line num="34" type="stmt" count="10"/>
        <line num="35" type="stmt" count="0"/>
        <line num="37" type="stmt" count="10"/>
        <line num="38" type="stmt" count="0"/>
        <line num="41" type="stmt" count="10"/>
        <line num="44" type="method" name="decrypt" visibility="public" complexity="5" crap="5.39" count="9"/>
        <line num="46" type="stmt" count="9"/>
        <line num="47" type="stmt" count="9"/>
        <line num="48" type="stmt" count="0"/>
        <line num="50" type="stmt" count="9"/>
        <line num="51" type="stmt" count="0"/>
        <line num="54" type="stmt" count="9"/>
        <line num="55" type="stmt" count="9"/>
        <line num="56" type="stmt" count="9"/>
        <line num="58" type="stmt" count="9"/>
        <line num="59" type="stmt" count="9"/>
        <line num="60" type="stmt" count="0"/>
        <line num="62" type="stmt" count="9"/>
        <metrics loc="65" ncloc="65" classes="1" methods="4" coveredmethods="1" conditionals="0" coveredconditionals="0" statements="26" coveredstatements="20" elements="30" coveredelements="21"/>
      </file>
      <file name="/workspace/app/api/src/Http/Auth/SessionStore.php">
        <class name="Paith\Notes\Api\Http\Auth\SessionStore" namespace="Paith\Notes\Api\Http\Auth">
          <metrics complexity="19" methods="9" coveredmethods="4" conditionals="0" coveredconditionals="0" statements="74" coveredstatements="50" elements="83" coveredelements="54"/>
        </class>
        <line num="15" type="method" name="cookieName" visibility="public" complexity="1" crap="1" count="13"/>
        <line num="17" type="stmt" count="13"/>
        <line num="20" type="method" name="createAuthState" visibility="public" complexity="1" crap="1" count="1"/>
        <line num="22" type="stmt" count="1"/>
        <line num="23" type="stmt" count="1"/>
        <line num="24" type="stmt" count="1"/>
        <line num="25" type="stmt" count="1"/>
        <line num="26" type="stmt" count="1"/>
        <line num="27" type="stmt" count="1"/>
        <line num="28" type="stmt" count="1"/>
        <line num="29" type="stmt" count="1"/>
        <line num="30" type="stmt" count="1"/>
        <line num="34" type="method" name="consumeAuthState" visibility="public" complexity="5" crap="30" count="0"/>
        <line num="36" type="stmt" count="0"/>
        <line num="37" type="stmt" count="0"/>
        <line num="40" type="stmt" count="0"/>
        <line num="42" type="stmt" count="0"/>
        <line num="43" type="stmt" count="0"/>
        <line num="44" type="stmt" count="0"/>
        <line num="45" type="stmt" count="0"/>
        <line num="46" type="stmt" count="0"/>
        <line num="49" type="stmt" count="0"/>
        <line num="50" type="stmt" count="0"/>
        <line num="52" type="stmt" count="0"/>
        <line num="54" type="stmt" count="0"/>
        <line num="55" type="stmt" count="0"/>
        <line num="56" type="stmt" count="0"/>
        <line num="57" type="stmt" count="0"/>
        <line num="58" type="stmt" count="0"/>
        <line num="59" type="stmt" count="0"/>
        <line num="60" type="stmt" count="0"/>
        <line num="62" type="stmt" count="0"/>
        <line num="66" type="method" name="createSession" visibility="public" complexity="3" crap="3.01" count="10"/>
        <line num="68" type="stmt" count="10"/>
        <line num="69" type="stmt" count="10"/>
        <line num="70" type="stmt" count="10"/>
        <line num="71" type="stmt" count="10"/>
        <line num="72" type="stmt" count="10"/>
        <line num="73" type="stmt" count="10"/>
        <line num="74" type="stmt" count="10"/>
        <line num="75" type="stmt" count="10"/>
        <line num="77" type="stmt" count="10"/>
        <line num="78" type="stmt" count="10"/>
        <line num="79" type="stmt" count="0"/>
        <line num="81" type="stmt" count="10"/>
        <line num="85" type="method" name="getSession" visibility="public" complexity="2" crap="2.00" count="9"/>
        <line num="87" type="stmt" count="9"/>
        <line num="88" type="stmt" count="9"/>
        <line num="89" type="stmt" count="9"/>
        <line num="90" type="stmt" count="9"/>
        <line num="91" type="stmt" count="0"/>
        <line num="93" type="stmt" count="9"/>
        <line num="94" type="stmt" count="9"/>
        <line num="95" type="stmt" count="9"/>
        <line num="96" type="stmt" count="9"/>
        <line num="97" type="stmt" count="9"/>
        <line num="101" type="method" name="getSessionForUpdate" visibility="public" complexity="3" crap="3.04" count="5"/>
        <line num="103" type="stmt" count="5"/>
        <line num="104" type="stmt" count="0"/>
        <line num="107" type="stmt" count="5"/>
        <line num="108" type="stmt" count="5"/>
        <line num="109" type="stmt" count="5"/>
        <line num="110" type="stmt" count="5"/>
        <line num="111" type="stmt" count="0"/>
        <line num="113" type="stmt" count="5"/>
        <line num="114" type="stmt" count="5"/>
        <line num="115" type="stmt" count="5"/>
        <line num="116" type="stmt" count="5"/>
        <line num="117" type="stmt" count="5"/>
        <line num="120" type="method" name="updateSessionTokenEncrypted" visibility="public" complexity="1" crap="1" count="3"/>
        <line num="122" type="stmt" count="3"/>
        <line num="123" type="stmt" count="3"/>
        <line num="124" type="stmt" count="3"/>
        <line num="125" type="stmt" count="3"/>
        <line num="126" type="stmt" count="3"/>
        <line num="129" type="method" name="touchSession" visibility="public" complexity="1" crap="1" count="9"/>
        <line num="131" type="stmt" count="9"/>
        <line num="132" type="stmt" count="9"/>
        <line num="135" type="method" name="deleteSession" visibility="public" complexity="2" crap="2.06" count="2"/>
        <line num="137" type="stmt" count="2"/>
        <line num="138" type="stmt" count="0"/>
        <line num="140" type="stmt" count="2"/>
        <line num="141" type="stmt" count="2"/>
        <metrics loc="144" ncloc="141" classes="1" methods="9" coveredmethods="4" conditionals="0" coveredconditionals="0" statements="74" coveredstatements="50" elements="83" coveredelements="54"/>
      </file>
      <file name="/workspace/app/api/src/Http/Auth/User.php">
        <class name="Paith\Notes\Api\Http\Auth\User" namespace="Paith\Notes\Api\Http\Auth">
          <metrics complexity="1" methods="1" coveredmethods="1" conditionals="0" coveredconditionals="0" statements="1" coveredstatements="1" elements="2" coveredelements="2"/>
        </class>
        <line num="20" type="method" name="__construct" visibility="public" complexity="1" crap="1" count="130"/>
        <line num="30" type="stmt" count="130"/>
        <metrics loc="32" ncloc="21" classes="1" methods="1" coveredmethods="1" conditionals="0" coveredconditionals="0" statements="1" coveredstatements="1" elements="2" coveredelements="2"/>
      </file>
    </package>
    <file name="/workspace/app/api/src/Http/Auth/JwtVerifier.php">
      <metrics loc="18" ncloc="11" classes="0" methods="0" coveredmethods="0" conditionals="0" coveredconditionals="0" statements="0" coveredstatements="0" elements="0" coveredelements="0"/>
    </file>
    <file name="/workspace/app/api/src/Http/Auth/OAuthTokenRefresher.php">
      <metrics loc="17" ncloc="11" classes="0" methods="0" coveredmethods="0" conditionals="0" coveredconditionals="0" statements="0" coveredstatements="0" elements="0" coveredelements="0"/>
    </file>
    <package name="Paith\Notes\Api\Http\Controller">
      <file name="/workspace/app/api/src/Http/Controller/ActivityController.php">
        <class name="Paith\Notes\Api\Http\Controller\ActivityController" namespace="Paith\Notes\Api\Http\Controller">
          <metrics complexity="29" methods="4" coveredmethods="1" conditionals="0" coveredconditionals="0" statements="121" coveredstatements="111" elements="125" coveredelements="112"/>
        </class>
        <line num="24" type="method" name="myActivity" visibility="public" complexity="5" crap="5" count="2"/>
        <line num="26" type="stmt" count="2"/>
        <line num="27" type="stmt" count="2"/>
        <line num="29" type="stmt" count="2"/>
        <line num="30" type="stmt" count="2"/>
        <line num="31" type="stmt" count="2"/>
        <line num="32" type="stmt" count="2"/>
        <line num="34" type="stmt" count="2"/>
        <line num="35" type="stmt" count="2"/>
        <line num="37" type="stmt" count="2"/>
        <line num="38" type="stmt" count="1"/>
        <line num="39" type="stmt" count="1"/>
        <line num="42" type="stmt" count="2"/>
        <line num="43" type="stmt" count="2"/>
        <line num="55" type="stmt" count="2"/>
        <line num="57" type="stmt" count="2"/>
        <line num="58" type="stmt" count="2"/>
        <line num="59" type="stmt" count="2"/>
        <line num="60" type="stmt" count="2"/>
        <line num="62" type="stmt" count="2"/>
        <line num="63" type="stmt" count="2"/>
        <line num="65" type="stmt" count="2"/>
        <line num="67" type="stmt" count="2"/>
        <line num="68" type="stmt" count="2"/>
        <line num="69" type="stmt" count="2"/>
        <line num="77" type="method" name="nookActivity" visibility="public" complexity="7" crap="7.12" count="2"/>
        <line num="79" type="stmt" count="2"/>
        <line num="80" type="stmt" count="2"/>
        <line num="82" type="stmt" count="2"/>
        <line num="84" type="stmt" count="2"/>
        <line num="86" type="stmt" count="1"/>
        <line num="87" type="stmt" count="1"/>
        <line num="88" type="stmt" count="1"/>
        <line num="89" type="stmt" count="1"/>
        <line num="90" type="stmt" count="1"/>
        <line num="92" type="stmt" count="1"/>
        <line num="93" type="stmt" count="1"/>
        <line num="95" type="stmt" count="1"/>
        <line num="96" type="stmt" count="0"/>
        <line num="97" type="stmt" count="0"/>
        <line num="100" type="stmt" count="1"/>
        <line num="101" type="stmt" count="0"/>
        <line num="102" type="stmt" count="0"/>
        <line num="105" type="stmt" count="1"/>
        <line num="106" type="stmt" count="1"/>
        <line num="119" type="stmt" count="1"/>
        <line num="121" type="stmt" count="1"/>
        <line num="122" type="stmt" count="1"/>
        <line num="123" type="stmt" count="1"/>
        <line num="124" type="stmt" count="1"/>
        <line num="126" type="stmt" count="1"/>
        <line num="127" type="stmt" count="1"/>
        <line num="129" type="stmt" count="1"/>
        <line num="131" type="stmt" count="1"/>
        <line num="132" type="stmt" count="1"/>
        <line num="133" type="stmt" count="1"/>
        <line num="140" type="method" name="formatRows" visibility="private" complexity="9" crap="9.26" count="3"/>
        <line num="142" type="stmt" count="3"/>
        <line num="143" type="stmt" count="3"/>
        <line num="144" type="stmt" count="3"/>
        <line num="145" type="stmt" count="3"/>
        <line num="146" type="stmt" count="3"/>
        <line num="147" type="stmt" count="3"/>
        <line num="148" type="stmt" count="3"/>
        <line num="149" type="stmt" count="3"/>
        <line num="150" type="stmt" count="3"/>
        <line num="151" type="stmt" count="3"/>
        <line num="152" type="stmt" count="3"/>
        <line num="153" type="stmt" count="3"/>
        <line num="154" type="stmt" count="3"/>
        <line num="155" type="stmt" count="3"/>
        <line num="156" type="stmt" count="3"/>
        <line num="157" type="stmt" count="3"/>
        <line num="158" type="stmt" count="3"/>
        <line num="160" type="stmt" count="3"/>
        <line num="161" type="stmt" count="3"/>
        <line num="162" type="stmt" count="0"/>
        <line num="164" type="stmt" count="3"/>
        <line num="165" type="stmt" count="3"/>
        <line num="166" type="stmt" count="0"/>
        <line num="168" type="stmt" count="3"/>
        <line num="169" type="stmt" count="3"/>
        <line num="170" type="stmt" count="0"/>
        <line num="172" type="stmt" count="3"/>
        <line num="173" type="stmt" count="3"/>
        <line num="174" type="stmt" count="0"/>
        <line num="176" type="stmt" count="3"/>
        <line num="177" type="stmt" count="3"/>
        <line num="178" type="stmt" count="0"/>
        <line num="180" type="stmt" count="3"/>
        <line num="182" type="stmt" count="3"/>
        <line num="190" type="method" name="myEvents" visibility="public" complexity="8" crap="8" count="3"/>
        <line num="192" type="stmt" count="3"/>
        <line num="193" type="stmt" count="3"/>
        <line num="195" type="stmt" count="3"/>
        <line num="196" type="stmt" count="3"/>
        <line num="197" type="stmt" count="3"/>
        <line num="198" type="stmt" count="3"/>
        <line num="200" type="stmt" count="3"/>
        <line num="201" type="stmt" count="3"/>
        <line num="203" type="stmt" count="3"/>
        <line num="204" type="stmt" count="1"/>
        <line num="205" type="stmt" count="1"/>
        <line num="208" type="stmt" count="3"/>
        <line num="209" type="stmt" count="3"/>
        <line num="211" type="stmt" count="3"/>
        <line num="213" type="stmt" count="3"/>
        <line num="214" type="stmt" count="3"/>
        <line num="215" type="stmt" count="3"/>
        <line num="216" type="stmt" count="3"/>
        <line num="218" type="stmt" count="3"/>
        <line num="219" type="stmt" count="3"/>
        <line num="220" type="stmt" count="3"/>
        <line num="222" type="stmt" count="3"/>
        <line num="223" type="stmt" count="3"/>
        <line num="224" type="stmt" count="3"/>
        <line num="225" type="stmt" count="0"/>
        <line num="227" type="stmt" count="3"/>
        <line num="228" type="stmt" count="3"/>
        <line num="229" type="stmt" count="3"/>
        <line num="230" type="stmt" count="3"/>
        <line num="231" type="stmt" count="3"/>
        <line num="232" type="stmt" count="3"/>
        <line num="233" type="stmt" count="3"/>
        <line num="236" type="stmt" count="3"/>
        <metrics loc="239" ncloc="218" classes="1" methods="4" coveredmethods="1" conditionals="0" coveredconditionals="0" statements="121" coveredstatements="111" elements="125" coveredelements="112"/>
      </file>
      <file name="/workspace/app/api/src/Http/Controller/AiImagesController.php">
        <class name="Paith\Notes\Api\Http\Controller\AiImagesController" namespace="Paith\Notes\Api\Http\Controller">
          <metrics complexity="108" methods="24" coveredmethods="9" conditionals="0" coveredconditionals="0" statements="494" coveredstatements="459" elements="518" coveredelements="468"/>
        </class>
        <line num="79" type="method" name="generate" visibility="public" complexity="3" crap="3" count="16"/>
        <line num="86" type="stmt" count="16"/>
        <line num="88" type="stmt" count="16"/>
        <line num="89" type="stmt" count="16"/>
        <line num="91" type="stmt" count="16"/>
        <line num="92" type="stmt" count="16"/>
        <line num="93" type="stmt" count="0"/>
        <line num="95" type="stmt" count="16"/>
        <line num="97" type="stmt" count="16"/>
        <line num="99" type="stmt" count="15"/>
        <line num="101" type="stmt" count="12"/>
        <line num="106" type="stmt" count="12"/>
        <line num="107" type="stmt" count="4"/>
        <line num="108" type="stmt" count="2"/>
        <line num="109" type="stmt" count="2"/>
        <line num="110" type="stmt" count="2"/>
        <line num="111" type="stmt" count="2"/>
        <line num="112" type="stmt" count="2"/>
        <line num="115" type="stmt" count="10"/>
        <line num="116" type="stmt" count="10"/>
        <line num="117" type="stmt" count="9"/>
        <line num="119" type="stmt" count="9"/>
        <line num="122" type="method" name="resolveNookId" visibility="private" complexity="4" crap="4.01" count="16"/>
        <line num="124" type="stmt" count="16"/>
        <line num="125" type="stmt" count="12"/>
        <line num="126" type="stmt" count="12"/>
        <line num="127" type="stmt" count="12"/>
        <line num="128" type="stmt" count="12"/>
        <line num="129" type="stmt" count="12"/>
        <line num="130" type="stmt" count="12"/>
        <line num="131" type="stmt" count="12"/>
        <line num="132" type="stmt" count="12"/>
        <line num="133" type="stmt" count="0"/>
        <line num="135" type="stmt" count="12"/>
        <line num="139" type="stmt" count="4"/>
        <line num="149" type="method" name="persistAsNote" visibility="private" complexity="7" crap="7.02" count="9"/>
        <line num="151" type="stmt" count="9"/>
        <line num="154" type="stmt" count="9"/>
        <line num="156" type="stmt" count="9"/>
        <line num="160" type="stmt" count="9"/>
        <line num="161" type="stmt" count="9"/>
        <line num="162" type="stmt" count="9"/>
        <line num="163" type="stmt" count="9"/>
        <line num="164" type="stmt" count="0"/>
        <line num="167" type="stmt" count="9"/>
        <line num="168" type="stmt" count="9"/>
        <line num="169" type="stmt" count="9"/>
        <line num="170" type="stmt" count="9"/>
        <line num="171" type="stmt" count="9"/>
        <line num="176" type="stmt" count="9"/>
        <line num="177" type="stmt" count="9"/>
        <line num="178" type="stmt" count="9"/>
        <line num="182" type="stmt" count="9"/>
        <line num="183" type="stmt" count="9"/>
        <line num="184" type="stmt" count="9"/>
        <line num="185" type="stmt" count="9"/>
        <line num="186" type="stmt" count="9"/>
        <line num="187" type="stmt" count="9"/>
        <line num="188" type="stmt" count="9"/>
        <line num="189" type="stmt" count="9"/>
        <line num="190" type="stmt" count="9"/>
        <line num="191" type="stmt" count="9"/>
        <line num="192" type="stmt" count="9"/>
        <line num="193" type="stmt" count="9"/>
        <line num="194" type="stmt" count="9"/>
        <line num="195" type="stmt" count="9"/>
        <line num="196" type="stmt" count="9"/>
        <line num="197" type="stmt" count="9"/>
        <line num="198" type="stmt" count="0"/>
        <line num="200" type="stmt" count="9"/>
        <line num="202" type="stmt" count="9"/>
        <line num="204" type="stmt" count="9"/>
        <line num="205" type="stmt" count="9"/>
        <line num="207" type="stmt" count="9"/>
        <line num="208" type="stmt" count="9"/>
        <line num="209" type="stmt" count="9"/>
        <line num="210" type="stmt" count="9"/>
        <line num="211" type="stmt" count="9"/>
        <line num="212" type="stmt" count="9"/>
        <line num="213" type="stmt" count="9"/>
        <line num="214" type="stmt" count="9"/>
        <line num="215" type="stmt" count="9"/>
        <line num="216" type="stmt" count="9"/>
        <line num="217" type="stmt" count="9"/>
        <line num="218" type="stmt" count="9"/>
        <line num="219" type="stmt" count="9"/>
        <line num="220" type="stmt" count="9"/>
        <line num="221" type="stmt" count="9"/>
        <line num="222" type="stmt" count="9"/>
        <line num="224" type="stmt" count="9"/>
        <line num="226" type="stmt" count="9"/>
        <line num="227" type="stmt" count="9"/>
        <line num="228" type="stmt" count="9"/>
        <line num="229" type="stmt" count="9"/>
        <line num="230" type="stmt" count="9"/>
        <line num="231" type="stmt" count="9"/>
        <line num="232" type="stmt" count="9"/>
        <line num="233" type="stmt" count="9"/>
        <line num="234" type="stmt" count="9"/>
        <line num="235" type="stmt" count="9"/>
        <line num="236" type="stmt" count="9"/>
        <line num="237" type="stmt" count="9"/>
        <line num="238" type="stmt" count="9"/>
        <line num="239" type="stmt" count="9"/>
        <line num="240" type="stmt" count="9"/>
        <line num="241" type="stmt" count="9"/>
        <line num="242" type="stmt" count="9"/>
        <line num="243" type="stmt" count="9"/>
        <line num="244" type="stmt" count="9"/>
        <line num="245" type="stmt" count="9"/>
        <line num="246" type="stmt" count="9"/>
        <line num="247" type="stmt" count="9"/>
        <line num="248" type="stmt" count="9"/>
        <line num="249" type="stmt" count="0"/>
        <line num="250" type="stmt" count="0"/>
        <line num="251" type="stmt" count="0"/>
        <line num="253" type="stmt" count="0"/>
        <line num="270" type="method" name="buildAttributesPayload" visibility="private" complexity="9" crap="9.03" count="9"/>
        <line num="272" type="stmt" count="9"/>
        <line num="274" type="stmt" count="9"/>
        <line num="275" type="stmt" count="2"/>
        <line num="278" type="stmt" count="7"/>
        <line num="283" type="stmt" count="7"/>
        <line num="284" type="stmt" count="7"/>
        <line num="285" type="stmt" count="0"/>
        <line num="286" type="stmt" count="0"/>
        <line num="289" type="stmt" count="7"/>
        <line num="290" type="stmt" count="7"/>
        <line num="291" type="stmt" count="7"/>
        <line num="294" type="stmt" count="7"/>
        <line num="295" type="stmt" count="7"/>
        <line num="296" type="stmt" count="7"/>
        <line num="297" type="stmt" count="7"/>
        <line num="299" type="stmt" count="7"/>
        <line num="303" type="stmt" count="7"/>
        <line num="305" type="stmt" count="7"/>
        <line num="306" type="stmt" count="7"/>
        <line num="307" type="stmt" count="7"/>
        <line num="308" type="stmt" count="7"/>
        <line num="309" type="stmt" count="7"/>
        <line num="310" type="stmt" count="7"/>
        <line num="311" type="stmt" count="7"/>
        <line num="312" type="stmt" count="7"/>
        <line num="313" type="stmt" count="7"/>
        <line num="314" type="stmt" count="7"/>
        <line num="316" type="stmt" count="7"/>
        <line num="325" type="method" name="buildInitialContent" visibility="private" complexity="4" crap="4" count="9"/>
        <line num="327" type="stmt" count="9"/>
        <line num="328" type="stmt" count="5"/>
        <line num="330" type="stmt" count="4"/>
        <line num="340" type="method" name="loadGeneratedImageForRefinement" visibility="private" complexity="4" crap="4" count="4"/>
        <line num="345" type="stmt" count="4"/>
        <line num="346" type="stmt" count="4"/>
        <line num="347" type="stmt" count="4"/>
        <line num="348" type="stmt" count="4"/>
        <line num="349" type="stmt" count="4"/>
        <line num="350" type="stmt" count="4"/>
        <line num="351" type="stmt" count="4"/>
        <line num="352" type="stmt" count="4"/>
        <line num="353" type="stmt" count="4"/>
        <line num="354" type="stmt" count="1"/>
        <line num="356" type="stmt" count="3"/>
        <line num="357" type="stmt" count="1"/>
        <line num="360" type="stmt" count="2"/>
        <line num="361" type="stmt" count="2"/>
        <line num="367" type="stmt" count="2"/>
        <line num="368" type="stmt" count="2"/>
        <line num="369" type="stmt" count="2"/>
        <line num="370" type="stmt" count="2"/>
        <line num="371" type="stmt" count="2"/>
        <line num="372" type="stmt" count="2"/>
        <line num="373" type="stmt" count="0"/>
        <line num="375" type="stmt" count="2"/>
        <line num="376" type="stmt" count="2"/>
        <line num="378" type="stmt" count="2"/>
        <line num="380" type="stmt" count="2"/>
        <line num="381" type="stmt" count="2"/>
        <line num="382" type="stmt" count="2"/>
        <line num="383" type="stmt" count="2"/>
        <line num="384" type="stmt" count="2"/>
        <line num="385" type="stmt" count="2"/>
        <line num="386" type="stmt" count="2"/>
        <line num="387" type="stmt" count="2"/>
        <line num="388" type="stmt" count="2"/>
        <line num="389" type="stmt" count="2"/>
        <line num="399" type="method" name="extractPriorOptions" visibility="private" complexity="7" crap="7" count="2"/>
        <line num="401" type="stmt" count="2"/>
        <line num="402" type="stmt" count="2"/>
        <line num="403" type="stmt" count="2"/>
        <line num="404" type="stmt" count="2"/>
        <line num="406" type="stmt" count="2"/>
        <line num="407" type="stmt" count="2"/>
        <line num="408" type="stmt" count="2"/>
        <line num="409" type="stmt" count="2"/>
        <line num="410" type="stmt" count="2"/>
        <line num="411" type="stmt" count="2"/>
        <line num="412" type="stmt" count="2"/>
        <line num="416" type="stmt" count="2"/>
        <line num="417" type="stmt" count="2"/>
        <line num="419" type="stmt" count="2"/>
        <line num="420" type="stmt" count="2"/>
        <line num="421" type="stmt" count="2"/>
        <line num="422" type="stmt" count="2"/>
        <line num="423" type="stmt" count="2"/>
        <line num="431" type="method" name="mergeOptionsForRefinement" visibility="private" complexity="1" crap="1" count="2"/>
        <line num="433" type="stmt" count="2"/>
        <line num="434" type="stmt" count="2"/>
        <line num="435" type="stmt" count="2"/>
        <line num="436" type="stmt" count="2"/>
        <line num="437" type="stmt" count="2"/>
        <line num="438" type="stmt" count="2"/>
        <line num="448" type="method" name="persistAsRefinement" visibility="private" complexity="4" crap="4.00" count="2"/>
        <line num="450" type="stmt" count="2"/>
        <line num="451" type="stmt" count="2"/>
        <line num="452" type="stmt" count="2"/>
        <line num="453" type="stmt" count="2"/>
        <line num="456" type="stmt" count="2"/>
        <line num="458" type="stmt" count="2"/>
        <line num="459" type="stmt" count="2"/>
        <line num="460" type="stmt" count="2"/>
        <line num="464" type="stmt" count="2"/>
        <line num="465" type="stmt" count="2"/>
        <line num="466" type="stmt" count="2"/>
        <line num="467" type="stmt" count="2"/>
        <line num="468" type="stmt" count="2"/>
        <line num="469" type="stmt" count="2"/>
        <line num="470" type="stmt" count="2"/>
        <line num="476" type="stmt" count="2"/>
        <line num="478" type="stmt" count="2"/>
        <line num="479" type="stmt" count="2"/>
        <line num="480" type="stmt" count="2"/>
        <line num="485" type="stmt" count="2"/>
        <line num="486" type="stmt" count="2"/>
        <line num="487" type="stmt" count="2"/>
        <line num="488" type="stmt" count="2"/>
        <line num="489" type="stmt" count="2"/>
        <line num="490" type="stmt" count="2"/>
        <line num="491" type="stmt" count="2"/>
        <line num="492" type="stmt" count="2"/>
        <line num="493" type="stmt" count="2"/>
        <line num="494" type="stmt" count="2"/>
        <line num="495" type="stmt" count="2"/>
        <line num="496" type="stmt" count="2"/>
        <line num="497" type="stmt" count="2"/>
        <line num="498" type="stmt" count="2"/>
        <line num="499" type="stmt" count="0"/>
        <line num="504" type="stmt" count="2"/>
        <line num="505" type="stmt" count="2"/>
        <line num="506" type="stmt" count="2"/>
        <line num="507" type="stmt" count="2"/>
        <line num="508" type="stmt" count="2"/>
        <line num="509" type="stmt" count="2"/>
        <line num="510" type="stmt" count="2"/>
        <line num="511" type="stmt" count="2"/>
        <line num="512" type="stmt" count="2"/>
        <line num="513" type="stmt" count="2"/>
        <line num="514" type="stmt" count="2"/>
        <line num="515" type="stmt" count="2"/>
        <line num="516" type="stmt" count="2"/>
        <line num="517" type="stmt" count="2"/>
        <line num="518" type="stmt" count="2"/>
        <line num="519" type="stmt" count="2"/>
        <line num="520" type="stmt" count="2"/>
        <line num="521" type="stmt" count="2"/>
        <line num="522" type="stmt" count="2"/>
        <line num="523" type="stmt" count="2"/>
        <line num="524" type="stmt" count="2"/>
        <line num="525" type="stmt" count="2"/>
        <line num="526" type="stmt" count="2"/>
        <line num="527" type="stmt" count="2"/>
        <line num="529" type="stmt" count="2"/>
        <line num="531" type="stmt" count="2"/>
        <line num="532" type="stmt" count="2"/>
        <line num="533" type="stmt" count="2"/>
        <line num="534" type="stmt" count="2"/>
        <line num="535" type="stmt" count="2"/>
        <line num="536" type="stmt" count="2"/>
        <line num="537" type="stmt" count="2"/>
        <line num="538" type="stmt" count="2"/>
        <line num="539" type="stmt" count="2"/>
        <line num="540" type="stmt" count="2"/>
        <line num="541" type="stmt" count="2"/>
        <line num="542" type="stmt" count="2"/>
        <line num="543" type="stmt" count="2"/>
        <line num="544" type="stmt" count="2"/>
        <line num="545" type="stmt" count="2"/>
        <line num="546" type="stmt" count="2"/>
        <line num="547" type="stmt" count="2"/>
        <line num="548" type="stmt" count="2"/>
        <line num="549" type="stmt" count="2"/>
        <line num="550" type="stmt" count="2"/>
        <line num="551" type="stmt" count="2"/>
        <line num="552" type="stmt" count="2"/>
        <line num="553" type="stmt" count="2"/>
        <line num="554" type="stmt" count="0"/>
        <line num="555" type="stmt" count="0"/>
        <line num="556" type="stmt" count="0"/>
        <line num="558" type="stmt" count="0"/>
        <line num="567" type="method" name="appendVersionedSummary" visibility="private" complexity="3" crap="3.02" count="2"/>
        <line num="569" type="stmt" count="2"/>
        <line num="570" type="stmt" count="2"/>
        <line num="571" type="stmt" count="0"/>
        <line num="573" type="stmt" count="2"/>
        <line num="574" type="stmt" count="2"/>
        <line num="575" type="stmt" count="2"/>
        <line num="577" type="stmt" count="2"/>
        <line num="578" type="stmt" count="2"/>
        <line num="584" type="method" name="ensureFileTypeAndAttribute" visibility="private" complexity="10" crap="10.01" count="9"/>
        <line num="590" type="stmt" count="9"/>
        <line num="591" type="stmt" count="9"/>
        <line num="592" type="stmt" count="9"/>
        <line num="593" type="stmt" count="9"/>
        <line num="594" type="stmt" count="9"/>
        <line num="595" type="stmt" count="9"/>
        <line num="596" type="stmt" count="9"/>
        <line num="597" type="stmt" count="9"/>
        <line num="598" type="stmt" count="9"/>
        <line num="599" type="stmt" count="9"/>
        <line num="600" type="stmt" count="9"/>
        <line num="601" type="stmt" count="9"/>
        <line num="602" type="stmt" count="9"/>
        <line num="603" type="stmt" count="9"/>
        <line num="604" type="stmt" count="9"/>
        <line num="605" type="stmt" count="9"/>
        <line num="607" type="stmt" count="9"/>
        <line num="608" type="stmt" count="9"/>
        <line num="609" type="stmt" count="0"/>
        <line num="613" type="stmt" count="9"/>
        <line num="614" type="stmt" count="9"/>
        <line num="615" type="stmt" count="9"/>
        <line num="616" type="stmt" count="9"/>
        <line num="617" type="stmt" count="9"/>
        <line num="618" type="stmt" count="9"/>
        <line num="619" type="stmt" count="9"/>
        <line num="620" type="stmt" count="9"/>
        <line num="621" type="stmt" count="9"/>
        <line num="622" type="stmt" count="9"/>
        <line num="623" type="stmt" count="9"/>
        <line num="624" type="stmt" count="9"/>
        <line num="625" type="stmt" count="9"/>
        <line num="626" type="stmt" count="9"/>
        <line num="627" type="stmt" count="9"/>
        <line num="628" type="stmt" count="9"/>
        <line num="629" type="stmt" count="9"/>
        <line num="630" type="stmt" count="0"/>
        <line num="634" type="stmt" count="9"/>
        <line num="637" type="method" name="lookupFileType" visibility="private" complexity="2" crap="2" count="9"/>
        <line num="639" type="stmt" count="9"/>
        <line num="640" type="stmt" count="9"/>
        <line num="641" type="stmt" count="9"/>
        <line num="642" type="stmt" count="9"/>
        <line num="645" type="method" name="lookupBaseType" visibility="private" complexity="2" crap="2" count="9"/>
        <line num="647" type="stmt" count="9"/>
        <line num="648" type="stmt" count="9"/>
        <line num="649" type="stmt" count="9"/>
        <line num="650" type="stmt" count="9"/>
        <line num="668" type="method" name="resolveTargetTypeAndAttributes" visibility="private" complexity="2" crap="2" count="9"/>
        <line num="670" type="stmt" count="9"/>
        <line num="674" type="stmt" count="9"/>
        <line num="676" type="stmt" count="9"/>
        <line num="677" type="stmt" count="2"/>
        <line num="678" type="stmt" count="2"/>
        <line num="679" type="stmt" count="2"/>
        <line num="680" type="stmt" count="2"/>
        <line num="681" type="stmt" count="2"/>
        <line num="682" type="stmt" count="2"/>
        <line num="685" type="stmt" count="7"/>
        <line num="686" type="stmt" count="7"/>
        <line num="687" type="stmt" count="7"/>
        <line num="689" type="stmt" count="7"/>
        <line num="690" type="stmt" count="7"/>
        <line num="691" type="stmt" count="7"/>
        <line num="692" type="stmt" count="7"/>
        <line num="693" type="stmt" count="7"/>
        <line num="694" type="stmt" count="7"/>
        <line num="709" type="method" name="ensureGeneratedImageLayout" visibility="private" complexity="11" crap="11" count="7"/>
        <line num="711" type="stmt" count="7"/>
        <line num="712" type="stmt" count="7"/>
        <line num="713" type="stmt" count="7"/>
        <line num="714" type="stmt" count="7"/>
        <line num="716" type="stmt" count="0"/>
        <line num="719" type="stmt" count="7"/>
        <line num="720" type="stmt" count="7"/>
        <line num="723" type="stmt" count="0"/>
        <line num="729" type="stmt" count="7"/>
        <line num="730" type="stmt" count="7"/>
        <line num="731" type="stmt" count="7"/>
        <line num="732" type="stmt" count="7"/>
        <line num="733" type="stmt" count="7"/>
        <line num="734" type="stmt" count="7"/>
        <line num="735" type="stmt" count="7"/>
        <line num="736" type="stmt" count="7"/>
        <line num="737" type="stmt" count="7"/>
        <line num="738" type="stmt" count="7"/>
        <line num="739" type="stmt" count="7"/>
        <line num="740" type="stmt" count="7"/>
        <line num="741" type="stmt" count="7"/>
        <line num="742" type="stmt" count="7"/>
        <line num="743" type="stmt" count="7"/>
        <line num="744" type="stmt" count="7"/>
        <line num="745" type="stmt" count="7"/>
        <line num="749" type="stmt" count="7"/>
        <line num="750" type="stmt" count="7"/>
        <line num="751" type="stmt" count="7"/>
        <line num="752" type="stmt" count="7"/>
        <line num="753" type="stmt" count="7"/>
        <line num="754" type="stmt" count="7"/>
        <line num="755" type="stmt" count="7"/>
        <line num="756" type="stmt" count="7"/>
        <line num="757" type="stmt" count="7"/>
        <line num="758" type="stmt" count="7"/>
        <line num="759" type="stmt" count="7"/>
        <line num="760" type="stmt" count="7"/>
        <line num="761" type="stmt" count="7"/>
        <line num="762" type="stmt" count="7"/>
        <line num="763" type="stmt" count="7"/>
        <line num="765" type="stmt" count="7"/>
        <line num="766" type="stmt" count="7"/>
        <line num="767" type="stmt" count="7"/>
        <line num="768" type="stmt" count="7"/>
        <line num="769" type="stmt" count="7"/>
[...]
        <line num="37" type="stmt" count="0"/>
        <line num="38" type="stmt" count="0"/>
        <line num="39" type="stmt" count="0"/>
        <line num="40" type="stmt" count="0"/>
        <line num="41" type="stmt" count="0"/>
        <line num="42" type="stmt" count="0"/>
        <line num="43" type="stmt" count="0"/>
        <line num="44" type="stmt" count="0"/>
        <line num="61" type="method" name="toExportEntry" visibility="public" complexity="3" crap="12" count="0"/>
        <line num="63" type="stmt" count="0"/>
        <line num="64" type="stmt" count="0"/>
        <line num="65" type="stmt" count="0"/>
        <line num="66" type="stmt" count="0"/>
        <line num="67" type="stmt" count="0"/>
        <line num="68" type="stmt" count="0"/>
        <line num="69" type="stmt" count="0"/>
        <line num="70" type="stmt" count="0"/>
        <line num="72" type="stmt" count="0"/>
        <line num="73" type="stmt" count="0"/>
        <line num="75" type="stmt" count="0"/>
        <metrics loc="78" ncloc="53" classes="1" methods="3" coveredmethods="0" conditionals="0" coveredconditionals="0" statements="22" coveredstatements="0" elements="25" coveredelements="0"/>
      </file>
      <file name="/workspace/app/backend-shared/src/Db/Rows/NoteListRow.php">
        <class name="Paith\Notes\Shared\Db\Rows\NoteListRow" namespace="Paith\Notes\Shared\Db\Rows">
          <metrics complexity="3" methods="3" coveredmethods="0" conditionals="0" coveredconditionals="0" statements="21" coveredstatements="0" elements="24" coveredelements="0"/>
        </class>
        <line num="16" type="method" name="__construct" visibility="public" complexity="1" crap="2" count="0"/>
        <line num="26" type="stmt" count="0"/>
        <line num="31" type="method" name="fromRow" visibility="public" complexity="1" crap="2" count="0"/>
        <line num="33" type="stmt" count="0"/>
        <line num="34" type="stmt" count="0"/>
        <line num="35" type="stmt" count="0"/>
        <line num="36" type="stmt" count="0"/>
        <line num="37" type="stmt" count="0"/>
        <line num="38" type="stmt" count="0"/>
        <line num="39" type="stmt" count="0"/>
        <line num="40" type="stmt" count="0"/>
        <line num="41" type="stmt" count="0"/>
        <line num="42" type="stmt" count="0"/>
        <line num="57" type="method" name="toArray" visibility="public" complexity="1" crap="2" count="0"/>
        <line num="59" type="stmt" count="0"/>
        <line num="60" type="stmt" count="0"/>
        <line num="61" type="stmt" count="0"/>
        <line num="62" type="stmt" count="0"/>
        <line num="63" type="stmt" count="0"/>
        <line num="64" type="stmt" count="0"/>
        <line num="65" type="stmt" count="0"/>
        <line num="66" type="stmt" count="0"/>
        <line num="67" type="stmt" count="0"/>
        <line num="68" type="stmt" count="0"/>
        <metrics loc="71" ncloc="51" classes="1" methods="3" coveredmethods="0" conditionals="0" coveredconditionals="0" statements="21" coveredstatements="0" elements="24" coveredelements="0"/>
      </file>
      <file name="/workspace/app/backend-shared/src/Db/Rows/NoteSummaryRow.php">
        <class name="Paith\Notes\Shared\Db\Rows\NoteSummaryRow" namespace="Paith\Notes\Shared\Db\Rows">
          <metrics complexity="4" methods="3" coveredmethods="0" conditionals="0" coveredconditionals="0" statements="19" coveredstatements="0" elements="22" coveredelements="0"/>
        </class>
        <line num="19" type="method" name="__construct" visibility="public" complexity="1" crap="2" count="0"/>
        <line num="28" type="stmt" count="0"/>
        <line num="33" type="method" name="fromRow" visibility="public" complexity="1" crap="2" count="0"/>
        <line num="35" type="stmt" count="0"/>
        <line num="36" type="stmt" count="0"/>
        <line num="37" type="stmt" count="0"/>
        <line num="38" type="stmt" count="0"/>
        <line num="39" type="stmt" count="0"/>
        <line num="40" type="stmt" count="0"/>
        <line num="41" type="stmt" count="0"/>
        <line num="42" type="stmt" count="0"/>
        <line num="43" type="stmt" count="0"/>
        <line num="49" type="method" name="toArray" visibility="public" complexity="2" crap="6" count="0"/>
        <line num="51" type="stmt" count="0"/>
        <line num="52" type="stmt" count="0"/>
        <line num="53" type="stmt" count="0"/>
        <line num="54" type="stmt" count="0"/>
        <line num="55" type="stmt" count="0"/>
        <line num="56" type="stmt" count="0"/>
        <line num="57" type="stmt" count="0"/>
        <line num="58" type="stmt" count="0"/>
        <line num="59" type="stmt" count="0"/>
        <metrics loc="62" ncloc="48" classes="1" methods="3" coveredmethods="0" conditionals="0" coveredconditionals="0" statements="19" coveredstatements="0" elements="22" coveredelements="0"/>
      </file>
      <file name="/workspace/app/backend-shared/src/Db/Rows/NoteTypeRow.php">
        <class name="Paith\Notes\Shared\Db\Rows\NoteTypeRow" namespace="Paith\Notes\Shared\Db\Rows">
          <metrics complexity="5" methods="3" coveredmethods="0" conditionals="0" coveredconditionals="0" statements="23" coveredstatements="0" elements="26" coveredelements="0"/>
        </class>
        <line num="25" type="method" name="__construct" visibility="public" complexity="1" crap="2" count="0"/>
        <line num="36" type="stmt" count="0"/>
        <line num="41" type="method" name="fromRow" visibility="public" complexity="1" crap="2" count="0"/>
        <line num="43" type="stmt" count="0"/>
        <line num="44" type="stmt" count="0"/>
        <line num="45" type="stmt" count="0"/>
        <line num="46" type="stmt" count="0"/>
        <line num="47" type="stmt" count="0"/>
        <line num="48" type="stmt" count="0"/>
        <line num="49" type="stmt" count="0"/>
        <line num="50" type="stmt" count="0"/>
        <line num="51" type="stmt" count="0"/>
        <line num="52" type="stmt" count="0"/>
        <line num="53" type="stmt" count="0"/>
        <line num="67" type="method" name="toArray" visibility="public" complexity="3" crap="12" count="0"/>
        <line num="69" type="stmt" count="0"/>
        <line num="70" type="stmt" count="0"/>
        <line num="71" type="stmt" count="0"/>
        <line num="72" type="stmt" count="0"/>
        <line num="73" type="stmt" count="0"/>
        <line num="74" type="stmt" count="0"/>
        <line num="75" type="stmt" count="0"/>
        <line num="76" type="stmt" count="0"/>
        <line num="77" type="stmt" count="0"/>
        <line num="78" type="stmt" count="0"/>
        <line num="79" type="stmt" count="0"/>
        <metrics loc="82" ncloc="54" classes="1" methods="3" coveredmethods="0" conditionals="0" coveredconditionals="0" statements="23" coveredstatements="0" elements="26" coveredelements="0"/>
      </file>
      <file name="/workspace/app/backend-shared/src/Db/Rows/SearchHeadingRow.php">
        <class name="Paith\Notes\Shared\Db\Rows\SearchHeadingRow" namespace="Paith\Notes\Shared\Db\Rows">
          <metrics complexity="3" methods="3" coveredmethods="0" conditionals="0" coveredconditionals="0" statements="19" coveredstatements="0" elements="22" coveredelements="0"/>
        </class>
        <line num="17" type="method" name="__construct" visibility="public" complexity="1" crap="2" count="0"/>
        <line num="26" type="stmt" count="0"/>
        <line num="31" type="method" name="fromRow" visibility="public" complexity="1" crap="2" count="0"/>
        <line num="33" type="stmt" count="0"/>
        <line num="34" type="stmt" count="0"/>
        <line num="35" type="stmt" count="0"/>
        <line num="36" type="stmt" count="0"/>
        <line num="37" type="stmt" count="0"/>
        <line num="38" type="stmt" count="0"/>
        <line num="39" type="stmt" count="0"/>
        <line num="40" type="stmt" count="0"/>
        <line num="41" type="stmt" count="0"/>
        <line num="55" type="method" name="toArray" visibility="public" complexity="1" crap="2" count="0"/>
        <line num="57" type="stmt" count="0"/>
        <line num="58" type="stmt" count="0"/>
        <line num="59" type="stmt" count="0"/>
        <line num="60" type="stmt" count="0"/>
        <line num="61" type="stmt" count="0"/>
        <line num="62" type="stmt" count="0"/>
        <line num="63" type="stmt" count="0"/>
        <line num="64" type="stmt" count="0"/>
        <line num="65" type="stmt" count="0"/>
        <metrics loc="68" ncloc="48" classes="1" methods="3" coveredmethods="0" conditionals="0" coveredconditionals="0" statements="19" coveredstatements="0" elements="22" coveredelements="0"/>
      </file>
      <file name="/workspace/app/backend-shared/src/Db/Rows/SearchNoteRow.php">
        <class name="Paith\Notes\Shared\Db\Rows\SearchNoteRow" namespace="Paith\Notes\Shared\Db\Rows">
          <metrics complexity="3" methods="3" coveredmethods="0" conditionals="0" coveredconditionals="0" statements="25" coveredstatements="0" elements="28" coveredelements="0"/>
        </class>
        <line num="17" type="method" name="__construct" visibility="public" complexity="1" crap="2" count="0"/>
        <line num="29" type="stmt" count="0"/>
        <line num="34" type="method" name="fromRow" visibility="public" complexity="1" crap="2" count="0"/>
        <line num="36" type="stmt" count="0"/>
        <line num="37" type="stmt" count="0"/>
        <line num="38" type="stmt" count="0"/>
        <line num="39" type="stmt" count="0"/>
        <line num="40" type="stmt" count="0"/>
        <line num="41" type="stmt" count="0"/>
        <line num="42" type="stmt" count="0"/>
        <line num="43" type="stmt" count="0"/>
        <line num="44" type="stmt" count="0"/>
        <line num="45" type="stmt" count="0"/>
        <line num="46" type="stmt" count="0"/>
        <line num="47" type="stmt" count="0"/>
        <line num="53" type="method" name="toArray" visibility="public" complexity="1" crap="2" count="0"/>
        <line num="55" type="stmt" count="0"/>
        <line num="56" type="stmt" count="0"/>
        <line num="57" type="stmt" count="0"/>
        <line num="58" type="stmt" count="0"/>
        <line num="59" type="stmt" count="0"/>
        <line num="60" type="stmt" count="0"/>
        <line num="61" type="stmt" count="0"/>
        <line num="62" type="stmt" count="0"/>
        <line num="63" type="stmt" count="0"/>
        <line num="64" type="stmt" count="0"/>
        <line num="65" type="stmt" count="0"/>
        <line num="66" type="stmt" count="0"/>
        <metrics loc="69" ncloc="57" classes="1" methods="3" coveredmethods="0" conditionals="0" coveredconditionals="0" statements="25" coveredstatements="0" elements="28" coveredelements="0"/>
      </file>
      <file name="/workspace/app/backend-shared/src/Db/Rows/TypeAttributeRow.php">
        <class name="Paith\Notes\Shared\Db\Rows\TypeAttributeRow" namespace="Paith\Notes\Shared\Db\Rows">
          <metrics complexity="4" methods="3" coveredmethods="0" conditionals="0" coveredconditionals="0" statements="23" coveredstatements="0" elements="26" coveredelements="0"/>
        </class>
        <line num="23" type="method" name="__construct" visibility="public" complexity="1" crap="2" count="0"/>
        <line num="34" type="stmt" count="0"/>
        <line num="39" type="method" name="fromRow" visibility="public" complexity="1" crap="2" count="0"/>
        <line num="41" type="stmt" count="0"/>
        <line num="42" type="stmt" count="0"/>
        <line num="43" type="stmt" count="0"/>
        <line num="44" type="stmt" count="0"/>
        <line num="45" type="stmt" count="0"/>
        <line num="46" type="stmt" count="0"/>
        <line num="47" type="stmt" count="0"/>
        <line num="48" type="stmt" count="0"/>
        <line num="49" type="stmt" count="0"/>
        <line num="50" type="stmt" count="0"/>
        <line num="51" type="stmt" count="0"/>
        <line num="60" type="method" name="toArray" visibility="public" complexity="2" crap="6" count="0"/>
        <line num="62" type="stmt" count="0"/>
        <line num="63" type="stmt" count="0"/>
        <line num="64" type="stmt" count="0"/>
        <line num="65" type="stmt" count="0"/>
        <line num="66" type="stmt" count="0"/>
        <line num="67" type="stmt" count="0"/>
        <line num="68" type="stmt" count="0"/>
        <line num="69" type="stmt" count="0"/>
        <line num="70" type="stmt" count="0"/>
        <line num="71" type="stmt" count="0"/>
        <line num="72" type="stmt" count="0"/>
        <metrics loc="75" ncloc="54" classes="1" methods="3" coveredmethods="0" conditionals="0" coveredconditionals="0" statements="23" coveredstatements="0" elements="26" coveredelements="0"/>
      </file>
      <file name="/workspace/app/backend-shared/src/Db/Rows/UserNameRow.php">
        <class name="Paith\Notes\Shared\Db\Rows\UserNameRow" namespace="Paith\Notes\Shared\Db\Rows">
          <metrics complexity="5" methods="3" coveredmethods="0" conditionals="0" coveredconditionals="0" statements="13" coveredstatements="0" elements="16" coveredelements="0"/>
        </class>
        <line num="18" type="method" name="__construct" visibility="public" complexity="1" crap="2" count="0"/>
        <line num="24" type="stmt" count="0"/>
        <line num="29" type="method" name="fromRow" visibility="public" complexity="1" crap="2" count="0"/>
        <line num="31" type="stmt" count="0"/>
        <line num="32" type="stmt" count="0"/>
        <line num="33" type="stmt" count="0"/>
        <line num="34" type="stmt" count="0"/>
        <line num="35" type="stmt" count="0"/>
        <line num="36" type="stmt" count="0"/>
        <line num="43" type="method" name="displayName" visibility="public" complexity="3" crap="12" count="0"/>
        <line num="45" type="stmt" count="0"/>
        <line num="46" type="stmt" count="0"/>
        <line num="47" type="stmt" count="0"/>
        <line num="49" type="stmt" count="0"/>
        <line num="50" type="stmt" count="0"/>
        <line num="52" type="stmt" count="0"/>
        <metrics loc="55" ncloc="41" classes="1" methods="3" coveredmethods="0" conditionals="0" coveredconditionals="0" statements="13" coveredstatements="0" elements="16" coveredelements="0"/>
      </file>
    </package>
    <package name="Paith\Notes\Shared">
      <file name="/workspace/app/backend-shared/src/Env.php">
        <class name="Paith\Notes\Shared\Env" namespace="Paith\Notes\Shared">
          <metrics complexity="4" methods="2" coveredmethods="0" conditionals="0" coveredconditionals="0" statements="8" coveredstatements="0" elements="10" coveredelements="0"/>
        </class>
        <line num="11" type="method" name="get" visibility="public" complexity="2" crap="6" count="0"/>
        <line num="13" type="stmt" count="0"/>
        <line num="14" type="stmt" count="0"/>
        <line num="15" type="stmt" count="0"/>
        <line num="17" type="stmt" count="0"/>
        <line num="20" type="method" name="require" visibility="public" complexity="2" crap="6" count="0"/>
        <line num="22" type="stmt" count="0"/>
        <line num="23" type="stmt" count="0"/>
        <line num="24" type="stmt" count="0"/>
        <line num="26" type="stmt" count="0"/>
        <metrics loc="29" ncloc="29" classes="1" methods="2" coveredmethods="0" conditionals="0" coveredconditionals="0" statements="8" coveredstatements="0" elements="10" coveredelements="0"/>
      </file>
      <file name="/workspace/app/backend-shared/src/Uuid.php">
        <class name="Paith\Notes\Shared\Uuid" namespace="Paith\Notes\Shared">
          <metrics complexity="2" methods="2" coveredmethods="0" conditionals="0" coveredconditionals="0" statements="5" coveredstatements="0" elements="7" coveredelements="0"/>
        </class>
        <line num="18" type="method" name="isValid" visibility="public" complexity="1" crap="2" count="0"/>
        <line num="20" type="stmt" count="0"/>
        <line num="26" type="method" name="v4" visibility="public" complexity="1" crap="2" count="0"/>
        <line num="28" type="stmt" count="0"/>
        <line num="29" type="stmt" count="0"/>
        <line num="30" type="stmt" count="0"/>
        <line num="31" type="stmt" count="0"/>
        <metrics loc="34" ncloc="24" classes="1" methods="2" coveredmethods="0" conditionals="0" coveredconditionals="0" statements="5" coveredstatements="0" elements="7" coveredelements="0"/>
      </file>
    </package>
    <package name="Paith\Notes\Shared\Search">
      <file name="/workspace/app/backend-shared/src/Search/SearchQueryParser.php">
        <class name="Paith\Notes\Shared\Search\SearchQueryParser" namespace="Paith\Notes\Shared\Search">
          <metrics complexity="20" methods="2" coveredmethods="0" conditionals="0" coveredconditionals="0" statements="48" coveredstatements="0" elements="50" coveredelements="0"/>
        </class>
        <line num="18" type="method" name="splitTerms" visibility="public" complexity="14" crap="210" count="0"/>
        <line num="20" type="stmt" count="0"/>
        <line num="21" type="stmt" count="0"/>
        <line num="22" type="stmt" count="0"/>
        <line num="24" type="stmt" count="0"/>
        <line num="25" type="stmt" count="0"/>
        <line num="26" type="stmt" count="0"/>
        <line num="28" type="stmt" count="0"/>
        <line num="29" type="stmt" count="0"/>
        <line num="32" type="stmt" count="0"/>
        <line num="33" type="stmt" count="0"/>
        <line num="34" type="stmt" count="0"/>
        <line num="35" type="stmt" count="0"/>
        <line num="36" type="stmt" count="0"/>
        <line num="38" type="stmt" count="0"/>
        <line num="39" type="stmt" count="0"/>
        <line num="40" type="stmt" count="0"/>
        <line num="41" type="stmt" count="0"/>
        <line num="43" type="stmt" count="0"/>
        <line num="44" type="stmt" count="0"/>
        <line num="47" type="stmt" count="0"/>
        <line num="48" type="stmt" count="0"/>
        <line num="49" type="stmt" count="0"/>
        <line num="51" type="stmt" count="0"/>
        <line num="52" type="stmt" count="0"/>
        <line num="53" type="stmt" count="0"/>
        <line num="58" type="stmt" count="0"/>
        <line num="71" type="method" name="buildSearchClause" visibility="public" complexity="6" crap="42" count="0"/>
        <line num="78" type="stmt" count="0"/>
        <line num="80" type="stmt" count="0"/>
        <line num="81" type="stmt" count="0"/>
        <line num="84" type="stmt" count="0"/>
        <line num="85" type="stmt" count="0"/>
        <line num="86" type="stmt" count="0"/>
        <line num="89" type="stmt" count="0"/>
        <line num="90" type="stmt" count="0"/>
        <line num="91" type="stmt" count="0"/>
        <line num="93" type="stmt" count="0"/>
        <line num="94" type="stmt" count="0"/>
        <line num="95" type="stmt" count="0"/>
        <line num="96" type="stmt" count="0"/>
        <line num="97" type="stmt" count="0"/>
        <line num="98" type="stmt" count="0"/>
        <line num="99" type="stmt" count="0"/>
        <line num="102" type="stmt" count="0"/>
        <line num="103" type="stmt" count="0"/>
        <line num="104" type="stmt" count="0"/>
        <line num="105" type="stmt" count="0"/>
        <line num="106" type="stmt" count="0"/>
        <line num="108" type="stmt" count="0"/>
        <metrics loc="111" ncloc="92" classes="1" methods="2" coveredmethods="0" conditionals="0" coveredconditionals="0" statements="48" coveredstatements="0" elements="50" coveredelements="0"/>
      </file>
    </package>
    <metrics files="107" loc="18826" ncloc="16361" classes="99" methods="502" coveredmethods="168" conditionals="0" coveredconditionals="0" statements="8728" coveredstatements="5415" elements="9230" coveredelements="5583"/>
  </project>
</coverage>
